<?xml version="1.0" encoding="UTF-8"?>
<!-- Generated by org.testng.reporters.JUnitReportReporter -->
<testsuite hostname="DESKTOP-5A8O1IG" failures="0" tests="1" name="appiumProject.LongPress" time="9.386" errors="0" timestamp="2025-07-13T10:42:05 EEST" skipped="0">
  <testcase classname="appiumProject.LongPress" name="LongPressGesture" time="9.386"/>
</testsuite> <!-- appiumProject.LongPress -->
