<?xml version="1.0" encoding="UTF-8"?>
<!-- Generated by org.testng.reporters.JUnitReportReporter -->
<testsuite hostname="DESKTOP-5A8O1IG" failures="0" tests="1" name="appiumProject.RunWebApplication" time="5.795" errors="0" timestamp="2025-07-13T09:39:30 EEST" skipped="0">
  <testcase classname="appiumProject.RunWebApplication" name="WifiSettingsName" time="5.795"/>
</testsuite> <!-- appiumProject.RunWebApplication -->
