<?xml version="1.0" encoding="UTF-8"?>
<!-- Generated by org.testng.reporters.JUnitReportReporter -->
<testsuite hostname="DESKTOP-5A8O1IG" failures="0" tests="1" name="appiumProject.DragAndDrop" time="5.061" errors="0" timestamp="2025-07-14T11:31:11 EEST" skipped="0">
  <testcase classname="appiumProject.DragAndDrop" name="LongPressGesture" time="5.061"/>
</testsuite> <!-- appiumProject.DragAndDrop -->
