<?xml version="1.0" encoding="UTF-8"?>
<!-- Generated by org.testng.reporters.JUnitReportReporter -->
<testsuite hostname="DESKTOP-5A8O1IG" failures="0" tests="1" name="appiumProject.ScrollToElement" time="23.595" errors="0" timestamp="2025-07-13T12:28:48 EEST" skipped="0">
  <testcase classname="appiumProject.ScrollToElement" name="LongPressGesture" time="23.595"/>
</testsuite> <!-- appiumProject.ScrollToElement -->
