<?xml version="1.0" encoding="UTF-8"?>
<!-- Generated by org.testng.reporters.JUnitReportReporter -->
<testsuite hostname="DESKTOP-5A8O1IG" failures="0" tests="1" name="appiumProject.App_ActionBar" time="8.340" errors="0" timestamp="2025-07-14T12:21:48 EEST" skipped="0">
  <testcase classname="appiumProject.App_ActionBar" name="LongPressGesture" time="8.340"/>
</testsuite> <!-- appiumProject.App_ActionBar -->
