<?xml version="1.0" encoding="UTF-8"?>
<!-- Generated by org.testng.reporters.JUnitReportReporter -->
<testsuite hostname="DESKTOP-5A8O1IG" failures="0" tests="1" name="appiumProject.SwipeTest" time="5.886" errors="0" timestamp="2025-07-13T17:55:11 EEST" skipped="0">
  <testcase classname="appiumProject.SwipeTest" name="LongPressGesture" time="5.886"/>
</testsuite> <!-- appiumProject.SwipeTest -->
